<?xml version="1.0" encoding="UTF-8"?>
<!-- Generated by org.testng.reporters.JUnitXMLReporter -->
<testsuite hostname="LT" ignored="0" name="Test" tests="4" failures="0" timestamp="26 Jul 2021 17:01:25 GMT" time="33.106" errors="0">
  <testcase name="two" time="16.465" classname="tests.SampleTests"/>
  <testcase name="one" time="16.944" classname="tests.SampleTests"/>
  <testcase name="two" time="14.978" classname="tests.SampleTests"/>
  <testcase name="one" time="15.391" classname="tests.SampleTests"/>
</testsuite> <!-- Test -->
