<?xml version="1.0" encoding="UTF-8"?>
<!-- Generated by org.testng.reporters.JUnitXMLReporter -->
<testsuite hostname="LT" ignored="0" name="Test" tests="7" failures="0" timestamp="26 Jul 2021 17:37:10 GMT" time="84.108" errors="0">
  <testcase name="one" time="19.11" classname="tests.SampleTests"/>
  <testcase name="four" time="20.902" classname="tests.SampleTests"/>
  <testcase name="five" time="21.604" classname="tests.SampleTests"/>
  <testcase name="one" time="29.874" classname="tests.SampleTests"/>
  <testcase name="three" time="44.84" classname="tests.SampleTests"/>
  <testcase name="two" time="44.623" classname="tests.SampleTests"/>
  <testcase name="two" time="13.084" classname="tests.SampleTests"/>
</testsuite> <!-- Test -->
