<?xml version="1.0" encoding="UTF-8"?>
<testng-results skipped="0" failed="0" ignored="0" total="2" passed="2">
  <reporter-output>
  </reporter-output>
  <suite name="Suite" duration-ms="27818" started-at="2021-07-31T13:05:10Z" finished-at="2021-07-31T13:05:37Z">
    <groups>
    </groups>
    <test name="Test" duration-ms="27818" started-at="2021-07-31T13:05:10Z" finished-at="2021-07-31T13:05:37Z">
      <class name="tests.Smoke">
        <test-method status="PASS" signature="setUp()[pri:0, instance:tests.Smoke@146ba0ac]" name="setUp" is-config="true" duration-ms="285" started-at="2021-07-31T13:05:09Z" finished-at="2021-07-31T13:05:10Z">
          <reporter-output>
          </reporter-output>
        </test-method> <!-- setUp -->
        <test-method status="PASS" signature="one(java.util.Hashtable, java.lang.reflect.Method)[pri:0, instance:tests.Smoke@146ba0ac]" name="one" duration-ms="19615" started-at="2021-07-31T13:05:10Z" data-provider="dp" finished-at="2021-07-31T13:05:30Z">
          <params>
            <param index="0">
              <value>
                <![CDATA[{Fname=Soumyansh}]]>
              </value>
            </param>
            <param index="1">
              <value>
                <![CDATA[public void tests.Smoke.one(java.util.Hashtable,java.lang.reflect.Method) throws java.lang.InterruptedException,java.io.IOException]]>
              </value>
            </param>
          </params>
          <reporter-output>
          </reporter-output>
        </test-method> <!-- one -->
        <test-method status="PASS" signature="two(java.util.Hashtable, java.lang.reflect.Method)[pri:0, instance:tests.Smoke@146ba0ac]" name="two" duration-ms="20189" started-at="2021-07-31T13:05:10Z" data-provider="dp" finished-at="2021-07-31T13:05:31Z">
          <params>
            <param index="0">
              <value>
                <![CDATA[{Fname=Gupta}]]>
              </value>
            </param>
            <param index="1">
              <value>
                <![CDATA[public void tests.Smoke.two(java.util.Hashtable,java.lang.reflect.Method) throws java.lang.InterruptedException,java.io.IOException]]>
              </value>
            </param>
          </params>
          <reporter-output>
          </reporter-output>
        </test-method> <!-- two -->
        <test-method status="PASS" signature="afterSuite()[pri:0, instance:tests.Smoke@146ba0ac]" name="afterSuite" is-config="true" duration-ms="549" started-at="2021-07-31T13:05:38Z" finished-at="2021-07-31T13:05:38Z">
          <reporter-output>
          </reporter-output>
        </test-method> <!-- afterSuite -->
      </class> <!-- tests.Smoke -->
    </test> <!-- Test -->
  </suite> <!-- Suite -->
</testng-results>
