<?xml version="1.0" encoding="UTF-8"?>
<testng-results skipped="0" failed="0" ignored="0" total="4" passed="4">
  <reporter-output>
  </reporter-output>
  <suite name="Suite" duration-ms="37771" started-at="2021-07-26T17:17:18Z" finished-at="2021-07-26T17:17:55Z">
    <groups>
    </groups>
    <test name="Test" duration-ms="37771" started-at="2021-07-26T17:17:18Z" finished-at="2021-07-26T17:17:55Z">
      <class name="tests.SampleTests">
        <test-method status="PASS" signature="setUp()[pri:0, instance:tests.SampleTests@146ba0ac]" name="setUp" is-config="true" duration-ms="286" started-at="2021-07-26T17:17:17Z" finished-at="2021-07-26T17:17:18Z">
          <reporter-output>
          </reporter-output>
        </test-method> <!-- setUp -->
        <test-method status="PASS" signature="one(java.util.Hashtable)[pri:0, instance:tests.SampleTests@146ba0ac]" name="one" duration-ms="18740" started-at="2021-07-26T17:17:18Z" data-provider="dp" finished-at="2021-07-26T17:17:37Z">
          <params>
            <param index="0">
              <value>
                <![CDATA[{Fname=Soumyansh, Lname=Gupta}]]>
              </value>
            </param>
          </params>
          <reporter-output>
          </reporter-output>
        </test-method> <!-- one -->
        <test-method status="PASS" signature="two(java.util.Hashtable)[pri:0, instance:tests.SampleTests@146ba0ac]" name="two" duration-ms="19249" started-at="2021-07-26T17:17:18Z" data-provider="dp" finished-at="2021-07-26T17:17:38Z">
          <params>
            <param index="0">
              <value>
                <![CDATA[{Fname=Soumya, Lname=Gupta}]]>
              </value>
            </param>
          </params>
          <reporter-output>
          </reporter-output>
        </test-method> <!-- two -->
        <test-method status="PASS" signature="one(java.util.Hashtable)[pri:0, instance:tests.SampleTests@146ba0ac]" name="one" duration-ms="14856" started-at="2021-07-26T17:17:38Z" data-provider="dp" finished-at="2021-07-26T17:17:53Z">
          <params>
            <param index="0">
              <value>
                <![CDATA[{Fname=Hello, Lname=World}]]>
              </value>
            </param>
          </params>
          <reporter-output>
          </reporter-output>
        </test-method> <!-- one -->
        <test-method status="PASS" signature="two(java.util.Hashtable)[pri:0, instance:tests.SampleTests@146ba0ac]" name="two" duration-ms="16265" started-at="2021-07-26T17:17:38Z" data-provider="dp" finished-at="2021-07-26T17:17:55Z">
          <params>
            <param index="0">
              <value>
                <![CDATA[{Fname=Hey, Lname=There}]]>
              </value>
            </param>
          </params>
          <reporter-output>
          </reporter-output>
        </test-method> <!-- two -->
        <test-method status="PASS" signature="afterSuite()[pri:0, instance:tests.SampleTests@146ba0ac]" name="afterSuite" is-config="true" duration-ms="431" started-at="2021-07-26T17:17:56Z" finished-at="2021-07-26T17:17:56Z">
          <reporter-output>
          </reporter-output>
        </test-method> <!-- afterSuite -->
      </class> <!-- tests.SampleTests -->
    </test> <!-- Test -->
  </suite> <!-- Suite -->
</testng-results>
